2020/05/02 22:32:09.584 [D] [server_chan.go:41]  标题: 微博热搜
2020/05/02 22:32:09.585 [D] [server_chan.go:42]  正文: -  1 [许佳琪听到排名哭了](https://s.weibo.com/weibo?q=%23%E8%AE%B8%E4%BD%B3%E7%90%AA%E5%90%AC%E5%88%B0%E6%8E%92%E5%90%8D%E5%93%AD%E4%BA%86%23&Refer=top) 3518886
-  2 [潜逃压力过大暴瘦40多斤](https://s.weibo.com/weibo?q=%23%E6%BD%9C%E9%80%83%E5%8E%8B%E5%8A%9B%E8%BF%87%E5%A4%A7%E6%9A%B4%E7%98%A640%E5%A4%9A%E6%96%A4%23&Refer=top) 2592954
-  3 [虞书欣第一](https://s.weibo.com/weibo?q=%E8%99%9E%E4%B9%A6%E6%AC%A3%E7%AC%AC%E4%B8%80&Refer=top) 1969635
-  4 [王一博方斥私生](https://s.weibo.com/weibo?q=%23%E7%8E%8B%E4%B8%80%E5%8D%9A%E6%96%B9%E6%96%A5%E7%A7%81%E7%94%9F%23&Refer=top) 1667809
-  5 [创造营](https://s.weibo.com/weibo?q=%E5%88%9B%E9%80%A0%E8%90%A5&Refer=top) 1578269
-  6 [青春有你排名](https://s.weibo.com/weibo?q=%23%E9%9D%92%E6%98%A5%E6%9C%89%E4%BD%A0%E6%8E%92%E5%90%8D%23&Refer=top) 1451132
-  7 [高校给2万学生退三个月住宿费](https://s.weibo.com/weibo?q=%23%E9%AB%98%E6%A0%A1%E7%BB%992%E4%B8%87%E5%AD%A6%E7%94%9F%E9%80%80%E4%B8%89%E4%B8%AA%E6%9C%88%E4%BD%8F%E5%AE%BF%E8%B4%B9%23&Refer=top) 1116120
-  8 [飞行员因疫情改送外卖](https://s.weibo.com/weibo?q=%23%E9%A3%9E%E8%A1%8C%E5%91%98%E5%9B%A0%E7%96%AB%E6%83%85%E6%94%B9%E9%80%81%E5%A4%96%E5%8D%96%23&Refer=top) 1031696
-  9 [中美疫情对比视频引海外热议](https://s.weibo.com/weibo?q=%23%E4%B8%AD%E7%BE%8E%E7%96%AB%E6%83%85%E5%AF%B9%E6%AF%94%E8%A7%86%E9%A2%91%E5%BC%95%E6%B5%B7%E5%A4%96%E7%83%AD%E8%AE%AE%23&Refer=top) 1005998
- 10 [郑爽状态](https://s.weibo.com/weibo?q=%23%E9%83%91%E7%88%BD%E7%8A%B6%E6%80%81%23&Refer=top) 999532
- 11 [创造营首发成团位名单](https://s.weibo.com/weibo?q=%23%E5%88%9B%E9%80%A0%E8%90%A5%E9%A6%96%E5%8F%91%E6%88%90%E5%9B%A2%E4%BD%8D%E5%90%8D%E5%8D%95%23&Refer=top) 942145
- 12 [蔡徐坤笑谈辛酸经历](https://s.weibo.com/weibo?q=%23%E8%94%A1%E5%BE%90%E5%9D%A4%E7%AC%91%E8%B0%88%E8%BE%9B%E9%85%B8%E7%BB%8F%E5%8E%86%23&Refer=top) 795508
- 13 [疫情后首批为华南海鲜市场消杀的人](https://s.weibo.com/weibo?q=%E7%96%AB%E6%83%85%E5%90%8E%E9%A6%96%E6%89%B9%E4%B8%BA%E5%8D%8E%E5%8D%97%E6%B5%B7%E9%B2%9C%E5%B8%82%E5%9C%BA%E6%B6%88%E6%9D%80%E7%9A%84%E4%BA%BA&Refer=top) 669208
- 14 [TES双C二打五](https://s.weibo.com/weibo?q=%23TES%E5%8F%8CC%E4%BA%8C%E6%89%93%E4%BA%94%23&Refer=top) 624504
- 15 [刘雨昕排名第二](https://s.weibo.com/weibo?q=%23%E5%88%98%E9%9B%A8%E6%98%95%E6%8E%92%E5%90%8D%E7%AC%AC%E4%BA%8C%23&Refer=top) 619958
- 16 [9pick变2pick](https://s.weibo.com/weibo?q=9pick%E5%8F%982pick&Refer=top) 599073
- 17 [王菲12岁旧照](https://s.weibo.com/weibo?q=%23%E7%8E%8B%E8%8F%B212%E5%B2%81%E6%97%A7%E7%85%A7%23&Refer=top) 593184
- 18 [快乐大本营](https://s.weibo.com/weibo?q=%E5%BF%AB%E4%B9%90%E5%A4%A7%E6%9C%AC%E8%90%A5&Refer=top) 591377
- 19 [广东16岁男子持刀刺死15岁男子](https://s.weibo.com/weibo?q=%23%E5%B9%BF%E4%B8%9C16%E5%B2%81%E7%94%B7%E5%AD%90%E6%8C%81%E5%88%80%E5%88%BA%E6%AD%BB15%E5%B2%81%E7%94%B7%E5%AD%90%23&Refer=top) 564184
- 20 [韫色过浓](https://s.weibo.com/weibo?q=%23%E9%9F%AB%E8%89%B2%E8%BF%87%E6%B5%93%23&Refer=top) 521605
- 21 [袁隆平养猫了](https://s.weibo.com/weibo?q=%23%E8%A2%81%E9%9A%86%E5%B9%B3%E5%85%BB%E7%8C%AB%E4%BA%86%23&Refer=top) 520841
- 22 [蓝眼泪](https://s.weibo.com/weibo?q=%E8%93%9D%E7%9C%BC%E6%B3%AA&Refer=top) 382433
- 23 [大唐不夜城再现人从众](https://s.weibo.com/weibo?q=%23%E5%A4%A7%E5%94%90%E4%B8%8D%E5%A4%9C%E5%9F%8E%E5%86%8D%E7%8E%B0%E4%BA%BA%E4%BB%8E%E4%BC%97%23&Refer=top) 370901
- 24 [赵立坚称这个五一中国已满血归来](https://s.weibo.com/weibo?q=%23%E8%B5%B5%E7%AB%8B%E5%9D%9A%E7%A7%B0%E8%BF%99%E4%B8%AA%E4%BA%94%E4%B8%80%E4%B8%AD%E5%9B%BD%E5%B7%B2%E6%BB%A1%E8%A1%80%E5%BD%92%E6%9D%A5%23&Refer=top) 364379
- 25 [陈卓璇弹唱无羁](https://s.weibo.com/weibo?q=%23%E9%99%88%E5%8D%93%E7%92%87%E5%BC%B9%E5%94%B1%E6%97%A0%E7%BE%81%23&Refer=top) 362049
- 26 [张杰爱人啊首唱](https://s.weibo.com/weibo?q=%23%E5%BC%A0%E6%9D%B0%E7%88%B1%E4%BA%BA%E5%95%8A%E9%A6%96%E5%94%B1%23&Refer=top) 343563
- 27 [JDG夺冠](https://s.weibo.com/weibo?q=JDG%E5%A4%BA%E5%86%A0&Refer=top) 320424
- 28 [詹姆斯纪念科比二女儿](https://s.weibo.com/weibo?q=%E8%A9%B9%E5%A7%86%E6%96%AF%E7%BA%AA%E5%BF%B5%E7%A7%91%E6%AF%94%E4%BA%8C%E5%A5%B3%E5%84%BF&Refer=top) 312955
- 29 [女子报警称有红蛇结果是个如字](https://s.weibo.com/weibo?q=%23%E5%A5%B3%E5%AD%90%E6%8A%A5%E8%AD%A6%E7%A7%B0%E6%9C%89%E7%BA%A2%E8%9B%87%E7%BB%93%E6%9E%9C%E6%98%AF%E4%B8%AA%E5%A6%82%E5%AD%97%23&Refer=top) 302701
- 30 [刘些宁舞蹈solo](https://s.weibo.com/weibo?q=%23%E5%88%98%E4%BA%9B%E5%AE%81%E8%88%9E%E8%B9%88solo%23&Refer=top) 295757
- 31 [杨和苏丁丁合唱](https://s.weibo.com/weibo?q=%23%E6%9D%A8%E5%92%8C%E8%8B%8F%E4%B8%81%E4%B8%81%E5%90%88%E5%94%B1%23&Refer=top) 290271
- 32 [湖北A级景区对援鄂医护终身免费](https://s.weibo.com/weibo?q=%E6%B9%96%E5%8C%97A%E7%BA%A7%E6%99%AF%E5%8C%BA%E5%AF%B9%E6%8F%B4%E9%84%82%E5%8C%BB%E6%8A%A4%E7%BB%88%E8%BA%AB%E5%85%8D%E8%B4%B9&Refer=top) 285340
- 33 [赵粤扇子舞](https://s.weibo.com/weibo?q=%23%E8%B5%B5%E7%B2%A4%E6%89%87%E5%AD%90%E8%88%9E%23&Refer=top) 285280
- 34 [所有省份应急响应均为二级或以下](https://s.weibo.com/weibo?q=%E6%89%80%E6%9C%89%E7%9C%81%E4%BB%BD%E5%BA%94%E6%80%A5%E5%93%8D%E5%BA%94%E5%9D%87%E4%B8%BA%E4%BA%8C%E7%BA%A7%E6%88%96%E4%BB%A5%E4%B8%8B&Refer=top) 278742
- 35 [你的子怡爸比](https://s.weibo.com/weibo?q=%E4%BD%A0%E7%9A%84%E5%AD%90%E6%80%A1%E7%88%B8%E6%AF%94&Refer=top) 278570
- 36 [原来袜子是这样拆的](https://s.weibo.com/weibo?q=%23%E5%8E%9F%E6%9D%A5%E8%A2%9C%E5%AD%90%E6%98%AF%E8%BF%99%E6%A0%B7%E6%8B%86%E7%9A%84%23&Refer=top) 278327
- 37 [周迅 我们在一起就是啥](https://s.weibo.com/weibo?q=%E5%91%A8%E8%BF%85%20%E6%88%91%E4%BB%AC%E5%9C%A8%E4%B8%80%E8%B5%B7%E5%B0%B1%E6%98%AF%E5%95%A5&Refer=top) 273930
- 38 [夫妻的世界反转](https://s.weibo.com/weibo?q=%23%E5%A4%AB%E5%A6%BB%E7%9A%84%E4%B8%96%E7%95%8C%E5%8F%8D%E8%BD%AC%23&Refer=top) 263944
- 39 [高直 可爱](https://s.weibo.com/weibo?q=%E9%AB%98%E7%9B%B4%20%E5%8F%AF%E7%88%B1&Refer=top) 248518
- 40 [徽柔叫曹评神仙哥哥](https://s.weibo.com/weibo?q=%23%E5%BE%BD%E6%9F%94%E5%8F%AB%E6%9B%B9%E8%AF%84%E7%A5%9E%E4%BB%99%E5%93%A5%E5%93%A5%23&Refer=top) 246640
- 41 [特战队员手茧太多不敢牵女友](https://s.weibo.com/weibo?q=%E7%89%B9%E6%88%98%E9%98%9F%E5%91%98%E6%89%8B%E8%8C%A7%E5%A4%AA%E5%A4%9A%E4%B8%8D%E6%95%A2%E7%89%B5%E5%A5%B3%E5%8F%8B&Refer=top) 241032
- 42 [阅文集团新合同被指霸道](https://s.weibo.com/weibo?q=%23%E9%98%85%E6%96%87%E9%9B%86%E5%9B%A2%E6%96%B0%E5%90%88%E5%90%8C%E8%A2%AB%E6%8C%87%E9%9C%B8%E9%81%93%23&Refer=top) 238101
- 43 [喜欢你](https://s.weibo.com/weibo?q=%E5%96%9C%E6%AC%A2%E4%BD%A0&Refer=top) 236929
- 44 [冷吃麻辣无骨鸡爪](https://s.weibo.com/weibo?q=%23%E5%86%B7%E5%90%83%E9%BA%BB%E8%BE%A3%E6%97%A0%E9%AA%A8%E9%B8%A1%E7%88%AA%23&Refer=top) 236099
- 45 [200多名汉服爱好者现身大唐不夜城](https://s.weibo.com/weibo?q=%23200%E5%A4%9A%E5%90%8D%E6%B1%89%E6%9C%8D%E7%88%B1%E5%A5%BD%E8%80%85%E7%8E%B0%E8%BA%AB%E5%A4%A7%E5%94%90%E4%B8%8D%E5%A4%9C%E5%9F%8E%23&Refer=top) 235896
- 46 [黄子韬叫鹿晗哥哥](https://s.weibo.com/weibo?q=%E9%BB%84%E5%AD%90%E9%9F%AC%E5%8F%AB%E9%B9%BF%E6%99%97%E5%93%A5%E5%93%A5&Refer=top) 220886
- 47 [来自食堂阿姨的反击](https://s.weibo.com/weibo?q=%23%E6%9D%A5%E8%87%AA%E9%A3%9F%E5%A0%82%E9%98%BF%E5%A7%A8%E7%9A%84%E5%8F%8D%E5%87%BB%23&Refer=top) 216552
- 48 [粑粑的正确释义](https://s.weibo.com/weibo?q=%E7%B2%91%E7%B2%91%E7%9A%84%E6%AD%A3%E7%A1%AE%E9%87%8A%E4%B9%89&Refer=top) 216399
- 49 [宋仁宗与怀吉谈心](https://s.weibo.com/weibo?q=%23%E5%AE%8B%E4%BB%81%E5%AE%97%E4%B8%8E%E6%80%80%E5%90%89%E8%B0%88%E5%BF%83%23&Refer=top) 198863
- 50 [成年后才懂其中味的动画片](https://s.weibo.com/weibo?q=%23%E6%88%90%E5%B9%B4%E5%90%8E%E6%89%8D%E6%87%82%E5%85%B6%E4%B8%AD%E5%91%B3%E7%9A%84%E5%8A%A8%E7%94%BB%E7%89%87%23&Refer=top) 188022

